<?xml version="1.0" encoding="utf-8"?>
<TestRun id="60fc243c-a95d-42ab-85a3-7dcc0fa0d44d" name="StevePowell@TERRA-STEVE 2021-11-26 10:50:47" runUser="AzureAD\StevePowell" xmlns="http://microsoft.com/schemas/VisualStudio/TeamTest/2010">
  <Times creation="2021-11-26T10:50:47.0443725+00:00" queuing="2021-11-26T10:50:47.0443732+00:00" start="2021-11-26T10:50:34.6911881+00:00" finish="2021-11-26T10:51:49.0207368+00:00" />
  <TestSettings name="default" id="f0572b54-29a9-49f2-97cf-4ec87fa27545">
    <Deployment runDeploymentRoot="StevePowell_TERRA-STEVE_2021-11-26_10_50_47" />
  </TestSettings>
  <Results>
    <UnitTestResult executionId="e0b2cd8c-2288-43e5-86bb-5bacbdd28f54" testId="cb90e2d1-0e51-8de8-3780-952bfd756ec9" testName="MyDataDrivenTest(&quot;edgewords&quot;,&quot;edgewords123&quot;)" computerName="TERRA-STEVE" duration="00:00:11.5052240" startTime="2021-11-26T10:50:35.4877477+00:00" endTime="2021-11-26T10:50:46.9927720+00:00" testType="13cdc9d9-ddb5-4fa4-a97d-d965ccfc6d4b" outcome="Passed" testListId="8c84fa94-04c1-424b-9868-57a2d4851a1d" relativeResultsDirectory="e0b2cd8c-2288-43e5-86bb-5bacbdd28f54">
      <Output>
        <StdOut>The browser chosen was: firefox&#xD;
Starting browser&#xD;
Passed</StdOut>
      </Output>
    </UnitTestResult>
    <UnitTestResult executionId="040f81d9-02d2-47d9-a638-aaedd4deb15e" testId="95039754-8f02-3ebd-f0e6-6692a204159a" testName="selIDEDemo" computerName="TERRA-STEVE" duration="00:00:13.8785760" startTime="2021-11-26T10:51:17.7885831+00:00" endTime="2021-11-26T10:51:31.6671632+00:00" testType="13cdc9d9-ddb5-4fa4-a97d-d965ccfc6d4b" outcome="Passed" testListId="8c84fa94-04c1-424b-9868-57a2d4851a1d" relativeResultsDirectory="040f81d9-02d2-47d9-a638-aaedd4deb15e">
      <Output>
        <StdOut>The browser chosen was: firefox&#xD;
Starting browser&#xD;
The heading is: Access and Authentication&#xD;
The typed username was: edgewords&#xD;
The captured text is: User is Logged in&#xD;
Add Record&#xD;
Edit Record&#xD;
Remove Record&#xD;
List Records&#xD;
Log Out&#xD;
Add A Record To the Database&#xD;
Add&#xD;
Name?&#xD;
UserName?&#xD;
Pin?&#xD;
Password?&#xD;
Submit Clear&#xD;
©2014 Edgewords Limited&#xD;
Done!&#xD;
Passed</StdOut>
      </Output>
    </UnitTestResult>
    <UnitTestResult executionId="9d0499eb-e65e-4468-99f0-f70da853f0b1" testId="7e649d79-ac87-cb34-80e0-c4d83d07ff7d" testName="SecondTestA" computerName="TERRA-STEVE" duration="00:00:08.3453890" startTime="2021-11-26T10:51:09.4410754+00:00" endTime="2021-11-26T10:51:17.7864475+00:00" testType="13cdc9d9-ddb5-4fa4-a97d-d965ccfc6d4b" outcome="Passed" testListId="8c84fa94-04c1-424b-9868-57a2d4851a1d" relativeResultsDirectory="9d0499eb-e65e-4468-99f0-f70da853f0b1">
      <Output>
        <StdOut>The browser chosen was: firefox&#xD;
Starting browser&#xD;
Test Finished!&#xD;
Passed</StdOut>
      </Output>
    </UnitTestResult>
    <UnitTestResult executionId="583a892a-d050-41d6-8d22-aba49e6af6c1" testId="6d2c3667-c760-c995-ea42-c1c9f3dc02a4" testName="SecondTestB" computerName="TERRA-STEVE" duration="00:00:10.4099020" startTime="2021-11-26T10:50:59.0310828+00:00" endTime="2021-11-26T10:51:09.4409738+00:00" testType="13cdc9d9-ddb5-4fa4-a97d-d965ccfc6d4b" outcome="Passed" testListId="8c84fa94-04c1-424b-9868-57a2d4851a1d" relativeResultsDirectory="583a892a-d050-41d6-8d22-aba49e6af6c1">
      <Output>
        <StdOut>The browser chosen was: firefox&#xD;
Starting browser&#xD;
Passed</StdOut>
      </Output>
    </UnitTestResult>
    <UnitTestResult executionId="6fa3a5bd-6b87-4441-bc7f-c0f5f4913a36" testId="ed9df7a7-736d-15bf-5e89-8851166e3b5e" testName="Test1" computerName="TERRA-STEVE" duration="00:00:08.1509319" startTime="2021-11-26T10:51:40.8085810+00:00" endTime="2021-11-26T10:51:48.9595079+00:00" testType="13cdc9d9-ddb5-4fa4-a97d-d965ccfc6d4b" outcome="Passed" testListId="8c84fa94-04c1-424b-9868-57a2d4851a1d" relativeResultsDirectory="6fa3a5bd-6b87-4441-bc7f-c0f5f4913a36">
      <Output>
        <StdOut>The browser chosen was: firefox&#xD;
Starting browser&#xD;
Passed</StdOut>
      </Output>
    </UnitTestResult>
    <UnitTestResult executionId="ffede4df-2c9a-4b66-8af4-867a97638525" testId="df9cb057-180a-2e8f-c5e7-c0c7d2e552c4" testName="MyDataDrivenTest(&quot;webdriver&quot;,&quot;notthepassword&quot;)" computerName="TERRA-STEVE" duration="00:00:12.0273320" startTime="2021-11-26T10:50:46.9959972+00:00" endTime="2021-11-26T10:50:59.0233067+00:00" testType="13cdc9d9-ddb5-4fa4-a97d-d965ccfc6d4b" outcome="Failed" testListId="8c84fa94-04c1-424b-9868-57a2d4851a1d" relativeResultsDirectory="ffede4df-2c9a-4b66-8af4-867a97638525">
      <Output>
        <StdOut>The browser chosen was: firefox&#xD;
Starting browser&#xD;
Failed:Error</StdOut>
        <ErrorInfo>
          <Message>OpenQA.Selenium.UnhandledAlertException : Dismissed user prompt dialog: Error:The password is the wrong length. &#xD;
</Message>
          <StackTrace>   at OpenQA.Selenium.WebDriver.UnpackAndThrowOnError(Response errorResponse)&#xD;
   at OpenQA.Selenium.WebDriver.Execute(String driverCommandToExecute, Dictionary`2 parameters)&#xD;
   at OpenQA.Selenium.WebDriver.FindElement(String mechanism, String value)&#xD;
   at OpenQA.Selenium.By.&lt;.ctor&gt;b__11_0(ISearchContext context)&#xD;
   at OpenQA.Selenium.By.FindElement(ISearchContext context)&#xD;
   at OpenQA.Selenium.WebDriver.FindElement(By by)&#xD;
   at com.edgewords.webdrivertest.Test_Cases.DataDrive.MyDataDrivenTest(String Username, String Password) in C:\Users\StevePowell\source\repos\com.edgewords.webdrivertest\com.edgewords.webdrivertest\Test_Cases\DataDrive.cs:line 25</StackTrace>
        </ErrorInfo>
      </Output>
    </UnitTestResult>
    <UnitTestResult executionId="482e51ef-6ddd-454f-9971-c9287f9748f8" testId="bfb839ca-c5ae-f56f-912f-a339cc58494a" testName="CheckLogin" computerName="TERRA-STEVE" duration="00:00:09.1403390" startTime="2021-11-26T10:51:31.6678027+00:00" endTime="2021-11-26T10:51:40.8081409+00:00" testType="13cdc9d9-ddb5-4fa4-a97d-d965ccfc6d4b" outcome="Failed" testListId="8c84fa94-04c1-424b-9868-57a2d4851a1d" relativeResultsDirectory="482e51ef-6ddd-454f-9971-c9287f9748f8">
      <Output>
        <StdOut>The browser chosen was: firefox&#xD;
Starting browser&#xD;
Failed:Error</StdOut>
        <ErrorInfo>
          <Message>OpenQA.Selenium.NoSuchElementException : Unable to locate element: Login To Restricted Area</Message>
          <StackTrace>   at OpenQA.Selenium.WebDriver.UnpackAndThrowOnError(Response errorResponse)&#xD;
   at OpenQA.Selenium.WebDriver.Execute(String driverCommandToExecute, Dictionary`2 parameters)&#xD;
   at OpenQA.Selenium.WebDriver.FindElement(String mechanism, String value)&#xD;
   at OpenQA.Selenium.By.&lt;.ctor&gt;b__11_0(ISearchContext context)&#xD;
   at OpenQA.Selenium.By.FindElement(ISearchContext context)&#xD;
   at OpenQA.Selenium.WebDriver.FindElement(By by)&#xD;
   at com.edgewords.webdrivertest.POM_Pages.HomePagePOM.get_LoginLink() in C:\Users\StevePowell\source\repos\com.edgewords.webdrivertest\com.edgewords.webdrivertest\POM_Pages\HomePagePOM.cs:line 21&#xD;
   at com.edgewords.webdrivertest.POM_Pages.HomePagePOM.LoginToDBSite() in C:\Users\StevePowell\source\repos\com.edgewords.webdrivertest\com.edgewords.webdrivertest\POM_Pages\HomePagePOM.cs:line 27&#xD;
   at com.edgewords.webdrivertest.Test_Cases.TestThatPOMs.CheckLogin() in C:\Users\StevePowell\source\repos\com.edgewords.webdrivertest\com.edgewords.webdrivertest\Test_Cases\TestThatPOMs.cs:line 23</StackTrace>
        </ErrorInfo>
      </Output>
    </UnitTestResult>
  </Results>
  <TestDefinitions>
    <UnitTest name="selIDEDemo" storage="c:\users\stevepowell\source\repos\com.edgewords.webdrivertest\com.edgewords.webdrivertest\bin\debug\netcoreapp3.1\com.edgewords.webdrivertest.dll" id="95039754-8f02-3ebd-f0e6-6692a204159a">
      <Execution id="040f81d9-02d2-47d9-a638-aaedd4deb15e" />
      <TestMethod codeBase="C:\Users\StevePowell\source\repos\com.edgewords.webdrivertest\com.edgewords.webdrivertest\bin\Debug\netcoreapp3.1\com.edgewords.webdrivertest.dll" adapterTypeName="executor://nunit3testexecutor/" className="com.edgewords.webdrivertest.Test_Cases.SelIDEDemoTest" name="selIDEDemo" />
    </UnitTest>
    <UnitTest name="CheckLogin" storage="c:\users\stevepowell\source\repos\com.edgewords.webdrivertest\com.edgewords.webdrivertest\bin\debug\netcoreapp3.1\com.edgewords.webdrivertest.dll" id="bfb839ca-c5ae-f56f-912f-a339cc58494a">
      <Execution id="482e51ef-6ddd-454f-9971-c9287f9748f8" />
      <TestMethod codeBase="C:\Users\StevePowell\source\repos\com.edgewords.webdrivertest\com.edgewords.webdrivertest\bin\Debug\netcoreapp3.1\com.edgewords.webdrivertest.dll" adapterTypeName="executor://nunit3testexecutor/" className="com.edgewords.webdrivertest.Test_Cases.TestThatPOMs" name="CheckLogin" />
    </UnitTest>
    <UnitTest name="SecondTestB" storage="c:\users\stevepowell\source\repos\com.edgewords.webdrivertest\com.edgewords.webdrivertest\bin\debug\netcoreapp3.1\com.edgewords.webdrivertest.dll" id="6d2c3667-c760-c995-ea42-c1c9f3dc02a4">
      <Execution id="583a892a-d050-41d6-8d22-aba49e6af6c1" />
      <TestMethod codeBase="C:\Users\StevePowell\source\repos\com.edgewords.webdrivertest\com.edgewords.webdrivertest\bin\Debug\netcoreapp3.1\com.edgewords.webdrivertest.dll" adapterTypeName="executor://nunit3testexecutor/" className="com.edgewords.webdrivertest.Test_Cases.FirstTest" name="SecondTestB" />
    </UnitTest>
    <UnitTest name="MyDataDrivenTest(&quot;webdriver&quot;,&quot;notthepassword&quot;)" storage="c:\users\stevepowell\source\repos\com.edgewords.webdrivertest\com.edgewords.webdrivertest\bin\debug\netcoreapp3.1\com.edgewords.webdrivertest.dll" id="df9cb057-180a-2e8f-c5e7-c0c7d2e552c4">
      <Execution id="ffede4df-2c9a-4b66-8af4-867a97638525" />
      <TestMethod codeBase="C:\Users\StevePowell\source\repos\com.edgewords.webdrivertest\com.edgewords.webdrivertest\bin\Debug\netcoreapp3.1\com.edgewords.webdrivertest.dll" adapterTypeName="executor://nunit3testexecutor/" className="com.edgewords.webdrivertest.Test_Cases.DataDrive" name="MyDataDrivenTest(&quot;webdriver&quot;,&quot;notthepassword&quot;)" />
    </UnitTest>
    <UnitTest name="SecondTestA" storage="c:\users\stevepowell\source\repos\com.edgewords.webdrivertest\com.edgewords.webdrivertest\bin\debug\netcoreapp3.1\com.edgewords.webdrivertest.dll" id="7e649d79-ac87-cb34-80e0-c4d83d07ff7d">
      <Execution id="9d0499eb-e65e-4468-99f0-f70da853f0b1" />
      <TestMethod codeBase="C:\Users\StevePowell\source\repos\com.edgewords.webdrivertest\com.edgewords.webdrivertest\bin\Debug\netcoreapp3.1\com.edgewords.webdrivertest.dll" adapterTypeName="executor://nunit3testexecutor/" className="com.edgewords.webdrivertest.Test_Cases.FirstTest" name="SecondTestA" />
    </UnitTest>
    <UnitTest name="Test1" storage="c:\users\stevepowell\source\repos\com.edgewords.webdrivertest\com.edgewords.webdrivertest\bin\debug\netcoreapp3.1\com.edgewords.webdrivertest.dll" id="ed9df7a7-736d-15bf-5e89-8851166e3b5e">
      <Execution id="6fa3a5bd-6b87-4441-bc7f-c0f5f4913a36" />
      <TestMethod codeBase="C:\Users\StevePowell\source\repos\com.edgewords.webdrivertest\com.edgewords.webdrivertest\bin\Debug\netcoreapp3.1\com.edgewords.webdrivertest.dll" adapterTypeName="executor://nunit3testexecutor/" className="com.edgewords.webdrivertest.Tests" name="Test1" />
    </UnitTest>
    <UnitTest name="MyDataDrivenTest(&quot;edgewords&quot;,&quot;edgewords123&quot;)" storage="c:\users\stevepowell\source\repos\com.edgewords.webdrivertest\com.edgewords.webdrivertest\bin\debug\netcoreapp3.1\com.edgewords.webdrivertest.dll" id="cb90e2d1-0e51-8de8-3780-952bfd756ec9">
      <Execution id="e0b2cd8c-2288-43e5-86bb-5bacbdd28f54" />
      <TestMethod codeBase="C:\Users\StevePowell\source\repos\com.edgewords.webdrivertest\com.edgewords.webdrivertest\bin\Debug\netcoreapp3.1\com.edgewords.webdrivertest.dll" adapterTypeName="executor://nunit3testexecutor/" className="com.edgewords.webdrivertest.Test_Cases.DataDrive" name="MyDataDrivenTest(&quot;edgewords&quot;,&quot;edgewords123&quot;)" />
    </UnitTest>
  </TestDefinitions>
  <TestEntries>
    <TestEntry testId="cb90e2d1-0e51-8de8-3780-952bfd756ec9" executionId="e0b2cd8c-2288-43e5-86bb-5bacbdd28f54" testListId="8c84fa94-04c1-424b-9868-57a2d4851a1d" />
    <TestEntry testId="95039754-8f02-3ebd-f0e6-6692a204159a" executionId="040f81d9-02d2-47d9-a638-aaedd4deb15e" testListId="8c84fa94-04c1-424b-9868-57a2d4851a1d" />
    <TestEntry testId="7e649d79-ac87-cb34-80e0-c4d83d07ff7d" executionId="9d0499eb-e65e-4468-99f0-f70da853f0b1" testListId="8c84fa94-04c1-424b-9868-57a2d4851a1d" />
    <TestEntry testId="6d2c3667-c760-c995-ea42-c1c9f3dc02a4" executionId="583a892a-d050-41d6-8d22-aba49e6af6c1" testListId="8c84fa94-04c1-424b-9868-57a2d4851a1d" />
    <TestEntry testId="ed9df7a7-736d-15bf-5e89-8851166e3b5e" executionId="6fa3a5bd-6b87-4441-bc7f-c0f5f4913a36" testListId="8c84fa94-04c1-424b-9868-57a2d4851a1d" />
    <TestEntry testId="df9cb057-180a-2e8f-c5e7-c0c7d2e552c4" executionId="ffede4df-2c9a-4b66-8af4-867a97638525" testListId="8c84fa94-04c1-424b-9868-57a2d4851a1d" />
    <TestEntry testId="bfb839ca-c5ae-f56f-912f-a339cc58494a" executionId="482e51ef-6ddd-454f-9971-c9287f9748f8" testListId="8c84fa94-04c1-424b-9868-57a2d4851a1d" />
  </TestEntries>
  <TestLists>
    <TestList name="Results Not in a List" id="8c84fa94-04c1-424b-9868-57a2d4851a1d" />
    <TestList name="All Loaded Results" id="19431567-8539-422a-85d7-44ee4e166bda" />
  </TestLists>
  <ResultSummary outcome="Failed">
    <Counters total="7" executed="7" passed="5" failed="2" error="0" timeout="0" aborted="0" inconclusive="0" passedButRunAborted="0" notRunnable="0" notExecuted="0" disconnected="0" warning="0" completed="0" inProgress="0" pending="0" />
    <Output>
      <StdOut>NUnit Adapter 4.1.0.0: Test execution started&#xD;
Running all tests in C:\Users\StevePowell\source\repos\com.edgewords.webdrivertest\com.edgewords.webdrivertest\bin\Debug\netcoreapp3.1\com.edgewords.webdrivertest.dll&#xD;
   NUnit3TestExecutor discovered 7 of 7 NUnit test cases using Current Discovery mode, Non-Explicit run&#xD;
The browser chosen was: firefox&#xD;
Starting browser&#xD;
Passed&#xD;
&#xD;
The browser chosen was: firefox&#xD;
Starting browser&#xD;
Failed:Error&#xD;
&#xD;
The browser chosen was: firefox&#xD;
Starting browser&#xD;
Passed&#xD;
&#xD;
The browser chosen was: firefox&#xD;
Starting browser&#xD;
Test Finished!&#xD;
Passed&#xD;
&#xD;
The browser chosen was: firefox&#xD;
Starting browser&#xD;
The heading is: Access and Authentication&#xD;
The typed username was: edgewords&#xD;
The captured text is: User is Logged in&#xD;
Add Record&#xD;
Edit Record&#xD;
Remove Record&#xD;
List Records&#xD;
Log Out&#xD;
Add A Record To the Database&#xD;
Add&#xD;
Name?&#xD;
UserName?&#xD;
Pin?&#xD;
Password?&#xD;
Submit Clear&#xD;
©2014 Edgewords Limited&#xD;
Done!&#xD;
Passed&#xD;
&#xD;
The browser chosen was: firefox&#xD;
Starting browser&#xD;
Failed:Error&#xD;
&#xD;
The browser chosen was: firefox&#xD;
Starting browser&#xD;
Passed&#xD;
&#xD;
NUnit Adapter 4.1.0.0: Test execution complete&#xD;
</StdOut>
    </Output>
  </ResultSummary>
</TestRun>