<?xml version="1.0" encoding="utf-8"?>
<TestRun id="4cf9e8b7-de15-4570-9489-5064cdf024a4" name="StevePowell@TERRA-STEVE 2021-11-26 10:46:23" runUser="AzureAD\StevePowell" xmlns="http://microsoft.com/schemas/VisualStudio/TeamTest/2010">
  <Times creation="2021-11-26T10:46:23.1763275+00:00" queuing="2021-11-26T10:46:23.1763280+00:00" start="2021-11-26T10:46:17.3753542+00:00" finish="2021-11-26T10:46:46.0196247+00:00" />
  <TestSettings name="default" id="6b610e16-a400-4c40-a7c2-a937c8fba090">
    <Deployment runDeploymentRoot="StevePowell_TERRA-STEVE_2021-11-26_10_46_23" />
  </TestSettings>
  <Results>
    <UnitTestResult executionId="d0e3f866-2aae-4c4c-a4ed-69094f113875" testId="ed9df7a7-736d-15bf-5e89-8851166e3b5e" testName="Test1" computerName="TERRA-STEVE" duration="00:00:01.4940490" startTime="2021-11-26T10:46:44.4453469+00:00" endTime="2021-11-26T10:46:45.9393915+00:00" testType="13cdc9d9-ddb5-4fa4-a97d-d965ccfc6d4b" outcome="Passed" testListId="8c84fa94-04c1-424b-9868-57a2d4851a1d" relativeResultsDirectory="d0e3f866-2aae-4c4c-a4ed-69094f113875">
      <Output>
        <StdOut>The browser chosen was: chrome&#xD;
Starting browser&#xD;
Passed</StdOut>
      </Output>
    </UnitTestResult>
    <UnitTestResult executionId="85958c3e-4c76-4bae-9d13-86d69fa32c2f" testId="cb90e2d1-0e51-8de8-3780-952bfd756ec9" testName="MyDataDrivenTest(&quot;edgewords&quot;,&quot;edgewords123&quot;)" computerName="TERRA-STEVE" duration="00:00:04.9572040" startTime="2021-11-26T10:46:18.1514348+00:00" endTime="2021-11-26T10:46:23.1084536+00:00" testType="13cdc9d9-ddb5-4fa4-a97d-d965ccfc6d4b" outcome="Passed" testListId="8c84fa94-04c1-424b-9868-57a2d4851a1d" relativeResultsDirectory="85958c3e-4c76-4bae-9d13-86d69fa32c2f">
      <Output>
        <StdOut>The browser chosen was: chrome&#xD;
Starting browser&#xD;
Passed</StdOut>
      </Output>
    </UnitTestResult>
    <UnitTestResult executionId="8a936fa5-d683-4001-adc7-c25f9be4b007" testId="bfb839ca-c5ae-f56f-912f-a339cc58494a" testName="CheckLogin" computerName="TERRA-STEVE" duration="00:00:02.4009610" startTime="2021-11-26T10:46:42.0438669+00:00" endTime="2021-11-26T10:46:44.4448243+00:00" testType="13cdc9d9-ddb5-4fa4-a97d-d965ccfc6d4b" outcome="Failed" testListId="8c84fa94-04c1-424b-9868-57a2d4851a1d" relativeResultsDirectory="8a936fa5-d683-4001-adc7-c25f9be4b007">
      <Output>
        <StdOut>The browser chosen was: chrome&#xD;
Starting browser&#xD;
Failed:Error</StdOut>
        <ErrorInfo>
          <Message>OpenQA.Selenium.NoSuchElementException : no such element: Unable to locate element: {"method":"link text","selector":"Login To Restricted Area"}&#xD;
  (Session info: chrome=96.0.4664.45)</Message>
          <StackTrace>   at OpenQA.Selenium.WebDriver.UnpackAndThrowOnError(Response errorResponse)&#xD;
   at OpenQA.Selenium.WebDriver.Execute(String driverCommandToExecute, Dictionary`2 parameters)&#xD;
   at OpenQA.Selenium.WebDriver.FindElement(String mechanism, String value)&#xD;
   at OpenQA.Selenium.By.&lt;.ctor&gt;b__11_0(ISearchContext context)&#xD;
   at OpenQA.Selenium.By.FindElement(ISearchContext context)&#xD;
   at OpenQA.Selenium.WebDriver.FindElement(By by)&#xD;
   at com.edgewords.webdrivertest.POM_Pages.HomePagePOM.get_LoginLink() in C:\Users\StevePowell\source\repos\com.edgewords.webdrivertest\com.edgewords.webdrivertest\POM_Pages\HomePagePOM.cs:line 21&#xD;
   at com.edgewords.webdrivertest.POM_Pages.HomePagePOM.LoginToDBSite() in C:\Users\StevePowell\source\repos\com.edgewords.webdrivertest\com.edgewords.webdrivertest\POM_Pages\HomePagePOM.cs:line 27&#xD;
   at com.edgewords.webdrivertest.Test_Cases.TestThatPOMs.CheckLogin() in C:\Users\StevePowell\source\repos\com.edgewords.webdrivertest\com.edgewords.webdrivertest\Test_Cases\TestThatPOMs.cs:line 23</StackTrace>
        </ErrorInfo>
      </Output>
    </UnitTestResult>
    <UnitTestResult executionId="24cc9aa7-e4b6-4dea-8d03-6cbbf732bc44" testId="7e649d79-ac87-cb34-80e0-c4d83d07ff7d" testName="SecondTestA" computerName="TERRA-STEVE" duration="00:00:02.3320500" startTime="2021-11-26T10:46:32.5945482+00:00" endTime="2021-11-26T10:46:34.9265904+00:00" testType="13cdc9d9-ddb5-4fa4-a97d-d965ccfc6d4b" outcome="Passed" testListId="8c84fa94-04c1-424b-9868-57a2d4851a1d" relativeResultsDirectory="24cc9aa7-e4b6-4dea-8d03-6cbbf732bc44">
      <Output>
        <StdOut>The browser chosen was: chrome&#xD;
Starting browser&#xD;
Test Finished!&#xD;
Passed</StdOut>
      </Output>
    </UnitTestResult>
    <UnitTestResult executionId="39045ea6-e248-40e8-a631-4d41eac7fc7a" testId="df9cb057-180a-2e8f-c5e7-c0c7d2e552c4" testName="MyDataDrivenTest(&quot;webdriver&quot;,&quot;notthepassword&quot;)" computerName="TERRA-STEVE" duration="00:00:05.2808410" startTime="2021-11-26T10:46:23.1180242+00:00" endTime="2021-11-26T10:46:28.3988638+00:00" testType="13cdc9d9-ddb5-4fa4-a97d-d965ccfc6d4b" outcome="Failed" testListId="8c84fa94-04c1-424b-9868-57a2d4851a1d" relativeResultsDirectory="39045ea6-e248-40e8-a631-4d41eac7fc7a">
      <Output>
        <StdOut>The browser chosen was: chrome&#xD;
Starting browser&#xD;
Failed:Error</StdOut>
        <ErrorInfo>
          <Message>OpenQA.Selenium.UnhandledAlertException : unexpected alert open: {Alert text : Error:The password is the wrong length. &#xD;
}&#xD;
  (Session info: chrome=96.0.4664.45)</Message>
          <StackTrace>   at OpenQA.Selenium.WebDriver.UnpackAndThrowOnError(Response errorResponse)&#xD;
   at OpenQA.Selenium.WebDriver.Execute(String driverCommandToExecute, Dictionary`2 parameters)&#xD;
   at OpenQA.Selenium.WebDriver.FindElement(String mechanism, String value)&#xD;
   at OpenQA.Selenium.By.&lt;.ctor&gt;b__11_0(ISearchContext context)&#xD;
   at OpenQA.Selenium.By.FindElement(ISearchContext context)&#xD;
   at OpenQA.Selenium.WebDriver.FindElement(By by)&#xD;
   at com.edgewords.webdrivertest.Test_Cases.DataDrive.MyDataDrivenTest(String Username, String Password) in C:\Users\StevePowell\source\repos\com.edgewords.webdrivertest\com.edgewords.webdrivertest\Test_Cases\DataDrive.cs:line 25</StackTrace>
        </ErrorInfo>
      </Output>
    </UnitTestResult>
    <UnitTestResult executionId="b363fee7-54da-402d-a79f-f434cead05ae" testId="6d2c3667-c760-c995-ea42-c1c9f3dc02a4" testName="SecondTestB" computerName="TERRA-STEVE" duration="00:00:04.1918760" startTime="2021-11-26T10:46:28.4025731+00:00" endTime="2021-11-26T10:46:32.5944449+00:00" testType="13cdc9d9-ddb5-4fa4-a97d-d965ccfc6d4b" outcome="Passed" testListId="8c84fa94-04c1-424b-9868-57a2d4851a1d" relativeResultsDirectory="b363fee7-54da-402d-a79f-f434cead05ae">
      <Output>
        <StdOut>The browser chosen was: chrome&#xD;
Starting browser&#xD;
Passed</StdOut>
      </Output>
    </UnitTestResult>
    <UnitTestResult executionId="b8cab5bb-1f2d-4270-9ada-8a5c062f562a" testId="95039754-8f02-3ebd-f0e6-6692a204159a" testName="selIDEDemo" computerName="TERRA-STEVE" duration="00:00:07.1159760" startTime="2021-11-26T10:46:34.9272582+00:00" endTime="2021-11-26T10:46:42.0432313+00:00" testType="13cdc9d9-ddb5-4fa4-a97d-d965ccfc6d4b" outcome="Passed" testListId="8c84fa94-04c1-424b-9868-57a2d4851a1d" relativeResultsDirectory="b8cab5bb-1f2d-4270-9ada-8a5c062f562a">
      <Output>
        <StdOut>The browser chosen was: chrome&#xD;
Starting browser&#xD;
The heading is: Access and Authentication&#xD;
The typed username was: edgewords&#xD;
The captured text is: User is Logged in&#xD;
Add Record&#xD;
Edit Record&#xD;
Remove Record&#xD;
List Records&#xD;
Log Out&#xD;
Add A Record To the Database&#xD;
Add&#xD;
Name?&#xD;
UserName?&#xD;
Pin?&#xD;
Password?&#xD;
Submit Clear&#xD;
©2014 Edgewords Limited&#xD;
Done!&#xD;
Passed</StdOut>
      </Output>
    </UnitTestResult>
  </Results>
  <TestDefinitions>
    <UnitTest name="selIDEDemo" storage="c:\users\stevepowell\source\repos\com.edgewords.webdrivertest\com.edgewords.webdrivertest\bin\debug\netcoreapp3.1\com.edgewords.webdrivertest.dll" id="95039754-8f02-3ebd-f0e6-6692a204159a">
      <Execution id="b8cab5bb-1f2d-4270-9ada-8a5c062f562a" />
      <TestMethod codeBase="C:\Users\StevePowell\source\repos\com.edgewords.webdrivertest\com.edgewords.webdrivertest\bin\Debug\netcoreapp3.1\com.edgewords.webdrivertest.dll" adapterTypeName="executor://nunit3testexecutor/" className="com.edgewords.webdrivertest.Test_Cases.SelIDEDemoTest" name="selIDEDemo" />
    </UnitTest>
    <UnitTest name="CheckLogin" storage="c:\users\stevepowell\source\repos\com.edgewords.webdrivertest\com.edgewords.webdrivertest\bin\debug\netcoreapp3.1\com.edgewords.webdrivertest.dll" id="bfb839ca-c5ae-f56f-912f-a339cc58494a">
      <Execution id="8a936fa5-d683-4001-adc7-c25f9be4b007" />
      <TestMethod codeBase="C:\Users\StevePowell\source\repos\com.edgewords.webdrivertest\com.edgewords.webdrivertest\bin\Debug\netcoreapp3.1\com.edgewords.webdrivertest.dll" adapterTypeName="executor://nunit3testexecutor/" className="com.edgewords.webdrivertest.Test_Cases.TestThatPOMs" name="CheckLogin" />
    </UnitTest>
    <UnitTest name="SecondTestB" storage="c:\users\stevepowell\source\repos\com.edgewords.webdrivertest\com.edgewords.webdrivertest\bin\debug\netcoreapp3.1\com.edgewords.webdrivertest.dll" id="6d2c3667-c760-c995-ea42-c1c9f3dc02a4">
      <Execution id="b363fee7-54da-402d-a79f-f434cead05ae" />
      <TestMethod codeBase="C:\Users\StevePowell\source\repos\com.edgewords.webdrivertest\com.edgewords.webdrivertest\bin\Debug\netcoreapp3.1\com.edgewords.webdrivertest.dll" adapterTypeName="executor://nunit3testexecutor/" className="com.edgewords.webdrivertest.Test_Cases.FirstTest" name="SecondTestB" />
    </UnitTest>
    <UnitTest name="MyDataDrivenTest(&quot;webdriver&quot;,&quot;notthepassword&quot;)" storage="c:\users\stevepowell\source\repos\com.edgewords.webdrivertest\com.edgewords.webdrivertest\bin\debug\netcoreapp3.1\com.edgewords.webdrivertest.dll" id="df9cb057-180a-2e8f-c5e7-c0c7d2e552c4">
      <Execution id="39045ea6-e248-40e8-a631-4d41eac7fc7a" />
      <TestMethod codeBase="C:\Users\StevePowell\source\repos\com.edgewords.webdrivertest\com.edgewords.webdrivertest\bin\Debug\netcoreapp3.1\com.edgewords.webdrivertest.dll" adapterTypeName="executor://nunit3testexecutor/" className="com.edgewords.webdrivertest.Test_Cases.DataDrive" name="MyDataDrivenTest(&quot;webdriver&quot;,&quot;notthepassword&quot;)" />
    </UnitTest>
    <UnitTest name="SecondTestA" storage="c:\users\stevepowell\source\repos\com.edgewords.webdrivertest\com.edgewords.webdrivertest\bin\debug\netcoreapp3.1\com.edgewords.webdrivertest.dll" id="7e649d79-ac87-cb34-80e0-c4d83d07ff7d">
      <Execution id="24cc9aa7-e4b6-4dea-8d03-6cbbf732bc44" />
      <TestMethod codeBase="C:\Users\StevePowell\source\repos\com.edgewords.webdrivertest\com.edgewords.webdrivertest\bin\Debug\netcoreapp3.1\com.edgewords.webdrivertest.dll" adapterTypeName="executor://nunit3testexecutor/" className="com.edgewords.webdrivertest.Test_Cases.FirstTest" name="SecondTestA" />
    </UnitTest>
    <UnitTest name="Test1" storage="c:\users\stevepowell\source\repos\com.edgewords.webdrivertest\com.edgewords.webdrivertest\bin\debug\netcoreapp3.1\com.edgewords.webdrivertest.dll" id="ed9df7a7-736d-15bf-5e89-8851166e3b5e">
      <Execution id="d0e3f866-2aae-4c4c-a4ed-69094f113875" />
      <TestMethod codeBase="C:\Users\StevePowell\source\repos\com.edgewords.webdrivertest\com.edgewords.webdrivertest\bin\Debug\netcoreapp3.1\com.edgewords.webdrivertest.dll" adapterTypeName="executor://nunit3testexecutor/" className="com.edgewords.webdrivertest.Tests" name="Test1" />
    </UnitTest>
    <UnitTest name="MyDataDrivenTest(&quot;edgewords&quot;,&quot;edgewords123&quot;)" storage="c:\users\stevepowell\source\repos\com.edgewords.webdrivertest\com.edgewords.webdrivertest\bin\debug\netcoreapp3.1\com.edgewords.webdrivertest.dll" id="cb90e2d1-0e51-8de8-3780-952bfd756ec9">
      <Execution id="85958c3e-4c76-4bae-9d13-86d69fa32c2f" />
      <TestMethod codeBase="C:\Users\StevePowell\source\repos\com.edgewords.webdrivertest\com.edgewords.webdrivertest\bin\Debug\netcoreapp3.1\com.edgewords.webdrivertest.dll" adapterTypeName="executor://nunit3testexecutor/" className="com.edgewords.webdrivertest.Test_Cases.DataDrive" name="MyDataDrivenTest(&quot;edgewords&quot;,&quot;edgewords123&quot;)" />
    </UnitTest>
  </TestDefinitions>
  <TestEntries>
    <TestEntry testId="ed9df7a7-736d-15bf-5e89-8851166e3b5e" executionId="d0e3f866-2aae-4c4c-a4ed-69094f113875" testListId="8c84fa94-04c1-424b-9868-57a2d4851a1d" />
    <TestEntry testId="cb90e2d1-0e51-8de8-3780-952bfd756ec9" executionId="85958c3e-4c76-4bae-9d13-86d69fa32c2f" testListId="8c84fa94-04c1-424b-9868-57a2d4851a1d" />
    <TestEntry testId="bfb839ca-c5ae-f56f-912f-a339cc58494a" executionId="8a936fa5-d683-4001-adc7-c25f9be4b007" testListId="8c84fa94-04c1-424b-9868-57a2d4851a1d" />
    <TestEntry testId="7e649d79-ac87-cb34-80e0-c4d83d07ff7d" executionId="24cc9aa7-e4b6-4dea-8d03-6cbbf732bc44" testListId="8c84fa94-04c1-424b-9868-57a2d4851a1d" />
    <TestEntry testId="df9cb057-180a-2e8f-c5e7-c0c7d2e552c4" executionId="39045ea6-e248-40e8-a631-4d41eac7fc7a" testListId="8c84fa94-04c1-424b-9868-57a2d4851a1d" />
    <TestEntry testId="6d2c3667-c760-c995-ea42-c1c9f3dc02a4" executionId="b363fee7-54da-402d-a79f-f434cead05ae" testListId="8c84fa94-04c1-424b-9868-57a2d4851a1d" />
    <TestEntry testId="95039754-8f02-3ebd-f0e6-6692a204159a" executionId="b8cab5bb-1f2d-4270-9ada-8a5c062f562a" testListId="8c84fa94-04c1-424b-9868-57a2d4851a1d" />
  </TestEntries>
  <TestLists>
    <TestList name="Results Not in a List" id="8c84fa94-04c1-424b-9868-57a2d4851a1d" />
    <TestList name="All Loaded Results" id="19431567-8539-422a-85d7-44ee4e166bda" />
  </TestLists>
  <ResultSummary outcome="Failed">
    <Counters total="7" executed="7" passed="5" failed="2" error="0" timeout="0" aborted="0" inconclusive="0" passedButRunAborted="0" notRunnable="0" notExecuted="0" disconnected="0" warning="0" completed="0" inProgress="0" pending="0" />
    <Output>
      <StdOut>NUnit Adapter 4.1.0.0: Test execution started&#xD;
Running all tests in C:\Users\StevePowell\source\repos\com.edgewords.webdrivertest\com.edgewords.webdrivertest\bin\Debug\netcoreapp3.1\com.edgewords.webdrivertest.dll&#xD;
   NUnit3TestExecutor discovered 7 of 7 NUnit test cases using Current Discovery mode, Non-Explicit run&#xD;
The browser chosen was: chrome&#xD;
Starting browser&#xD;
Passed&#xD;
&#xD;
The browser chosen was: chrome&#xD;
Starting browser&#xD;
Failed:Error&#xD;
&#xD;
The browser chosen was: chrome&#xD;
Starting browser&#xD;
Passed&#xD;
&#xD;
The browser chosen was: chrome&#xD;
Starting browser&#xD;
Test Finished!&#xD;
Passed&#xD;
&#xD;
The browser chosen was: chrome&#xD;
Starting browser&#xD;
The heading is: Access and Authentication&#xD;
The typed username was: edgewords&#xD;
The captured text is: User is Logged in&#xD;
Add Record&#xD;
Edit Record&#xD;
Remove Record&#xD;
List Records&#xD;
Log Out&#xD;
Add A Record To the Database&#xD;
Add&#xD;
Name?&#xD;
UserName?&#xD;
Pin?&#xD;
Password?&#xD;
Submit Clear&#xD;
©2014 Edgewords Limited&#xD;
Done!&#xD;
Passed&#xD;
&#xD;
The browser chosen was: chrome&#xD;
Starting browser&#xD;
Failed:Error&#xD;
&#xD;
The browser chosen was: chrome&#xD;
Starting browser&#xD;
Passed&#xD;
&#xD;
NUnit Adapter 4.1.0.0: Test execution complete&#xD;
</StdOut>
    </Output>
  </ResultSummary>
</TestRun>